Performing C SOURCE FILE Test CMAKE_HAVE_LIBC_PTHREAD failed with the following output:
Change Dir: /home/zcw/wenchat/Gate/build/CMakeFiles/CMakeTmp

Run Build Command(s):/usr/bin/make -f Makefile cmTC_3bfaf/fast && /usr/bin/make  -f CMakeFiles/cmTC_3bfaf.dir/build.make CMakeFiles/cmTC_3bfaf.dir/build
make[1]: Entering directory '/home/zcw/wenchat/Gate/build/CMakeFiles/CMakeTmp'
Building C object CMakeFiles/cmTC_3bfaf.dir/src.c.o
/usr/bin/cc -DCMAKE_HAVE_LIBC_PTHREAD   -o CMakeFiles/cmTC_3bfaf.dir/src.c.o -c /home/zcw/wenchat/Gate/build/CMakeFiles/CMakeTmp/src.c
Linking C executable cmTC_3bfaf
/usr/local/bin/cmake -E cmake_link_script CMakeFiles/cmTC_3bfaf.dir/link.txt --verbose=1
/usr/bin/cc CMakeFiles/cmTC_3bfaf.dir/src.c.o -o cmTC_3bfaf 
/usr/bin/ld: CMakeFiles/cmTC_3bfaf.dir/src.c.o: in function `main':
src.c:(.text+0x46): undefined reference to `pthread_create'
/usr/bin/ld: src.c:(.text+0x52): undefined reference to `pthread_detach'
/usr/bin/ld: src.c:(.text+0x5e): undefined reference to `pthread_cancel'
/usr/bin/ld: src.c:(.text+0x6f): undefined reference to `pthread_join'
collect2: error: ld returned 1 exit status
CMakeFiles/cmTC_3bfaf.dir/build.make:98: recipe for target 'cmTC_3bfaf' failed
make[1]: *** [cmTC_3bfaf] Error 1
make[1]: Leaving directory '/home/zcw/wenchat/Gate/build/CMakeFiles/CMakeTmp'
Makefile:127: recipe for target 'cmTC_3bfaf/fast' failed
make: *** [cmTC_3bfaf/fast] Error 2


Source file was:
#include <pthread.h>

static void* test_func(void* data)
{
  return data;
}

int main(void)
{
  pthread_t thread;
  pthread_create(&thread, NULL, test_func, NULL);
  pthread_detach(thread);
  pthread_cancel(thread);
  pthread_join(thread, NULL);
  pthread_atfork(NULL, NULL, NULL);
  pthread_exit(NULL);

  return 0;
}

Determining if the function pthread_create exists in the pthreads failed with the following output:
Change Dir: /home/zcw/wenchat/Gate/build/CMakeFiles/CMakeTmp

Run Build Command(s):/usr/bin/make -f Makefile cmTC_eb818/fast && /usr/bin/make  -f CMakeFiles/cmTC_eb818.dir/build.make CMakeFiles/cmTC_eb818.dir/build
make[1]: Entering directory '/home/zcw/wenchat/Gate/build/CMakeFiles/CMakeTmp'
Building C object CMakeFiles/cmTC_eb818.dir/CheckFunctionExists.c.o
/usr/bin/cc   -DCHECK_FUNCTION_EXISTS=pthread_create -o CMakeFiles/cmTC_eb818.dir/CheckFunctionExists.c.o -c /usr/local/share/cmake-3.22/Modules/CheckFunctionExists.c
Linking C executable cmTC_eb818
/usr/local/bin/cmake -E cmake_link_script CMakeFiles/cmTC_eb818.dir/link.txt --verbose=1
/usr/bin/cc  -DCHECK_FUNCTION_EXISTS=pthread_create CMakeFiles/cmTC_eb818.dir/CheckFunctionExists.c.o -o cmTC_eb818  -lpthreads 
/usr/bin/ld: cannot find -lpthreads
collect2: error: ld returned 1 exit status
CMakeFiles/cmTC_eb818.dir/build.make:98: recipe for target 'cmTC_eb818' failed
make[1]: *** [cmTC_eb818] Error 1
make[1]: Leaving directory '/home/zcw/wenchat/Gate/build/CMakeFiles/CMakeTmp'
Makefile:127: recipe for target 'cmTC_eb818/fast' failed
make: *** [cmTC_eb818/fast] Error 2



