Performing C SOURCE FILE Test CMAKE_HAVE_LIBC_PTHREAD failed with the following output:
Change Dir: /home/zcw/wenchat/MyChat/build/CMakeFiles/CMakeTmp

Run Build Command(s):/usr/bin/make -f Makefile cmTC_1e474/fast && /usr/bin/make  -f CMakeFiles/cmTC_1e474.dir/build.make CMakeFiles/cmTC_1e474.dir/build
make[1]: Entering directory '/home/zcw/wenchat/MyChat/build/CMakeFiles/CMakeTmp'
Building C object CMakeFiles/cmTC_1e474.dir/src.c.o
/usr/bin/cc -DCMAKE_HAVE_LIBC_PTHREAD   -o CMakeFiles/cmTC_1e474.dir/src.c.o -c /home/zcw/wenchat/MyChat/build/CMakeFiles/CMakeTmp/src.c
Linking C executable cmTC_1e474
/usr/local/bin/cmake -E cmake_link_script CMakeFiles/cmTC_1e474.dir/link.txt --verbose=1
/usr/bin/cc CMakeFiles/cmTC_1e474.dir/src.c.o -o cmTC_1e474 
/usr/bin/ld: CMakeFiles/cmTC_1e474.dir/src.c.o: in function `main':
src.c:(.text+0x46): undefined reference to `pthread_create'
/usr/bin/ld: src.c:(.text+0x52): undefined reference to `pthread_detach'
/usr/bin/ld: src.c:(.text+0x5e): undefined reference to `pthread_cancel'
/usr/bin/ld: src.c:(.text+0x6f): undefined reference to `pthread_join'
collect2: error: ld returned 1 exit status
CMakeFiles/cmTC_1e474.dir/build.make:98: recipe for target 'cmTC_1e474' failed
make[1]: *** [cmTC_1e474] Error 1
make[1]: Leaving directory '/home/zcw/wenchat/MyChat/build/CMakeFiles/CMakeTmp'
Makefile:127: recipe for target 'cmTC_1e474/fast' failed
make: *** [cmTC_1e474/fast] Error 2


Source file was:
#include <pthread.h>

static void* test_func(void* data)
{
  return data;
}

int main(void)
{
  pthread_t thread;
  pthread_create(&thread, NULL, test_func, NULL);
  pthread_detach(thread);
  pthread_cancel(thread);
  pthread_join(thread, NULL);
  pthread_atfork(NULL, NULL, NULL);
  pthread_exit(NULL);

  return 0;
}

Determining if the function pthread_create exists in the pthreads failed with the following output:
Change Dir: /home/zcw/wenchat/MyChat/build/CMakeFiles/CMakeTmp

Run Build Command(s):/usr/bin/make -f Makefile cmTC_9df32/fast && /usr/bin/make  -f CMakeFiles/cmTC_9df32.dir/build.make CMakeFiles/cmTC_9df32.dir/build
make[1]: Entering directory '/home/zcw/wenchat/MyChat/build/CMakeFiles/CMakeTmp'
Building C object CMakeFiles/cmTC_9df32.dir/CheckFunctionExists.c.o
/usr/bin/cc   -DCHECK_FUNCTION_EXISTS=pthread_create -o CMakeFiles/cmTC_9df32.dir/CheckFunctionExists.c.o -c /usr/local/share/cmake-3.22/Modules/CheckFunctionExists.c
Linking C executable cmTC_9df32
/usr/local/bin/cmake -E cmake_link_script CMakeFiles/cmTC_9df32.dir/link.txt --verbose=1
/usr/bin/cc  -DCHECK_FUNCTION_EXISTS=pthread_create CMakeFiles/cmTC_9df32.dir/CheckFunctionExists.c.o -o cmTC_9df32  -lpthreads 
/usr/bin/ld: cannot find -lpthreads
collect2: error: ld returned 1 exit status
CMakeFiles/cmTC_9df32.dir/build.make:98: recipe for target 'cmTC_9df32' failed
make[1]: *** [cmTC_9df32] Error 1
make[1]: Leaving directory '/home/zcw/wenchat/MyChat/build/CMakeFiles/CMakeTmp'
Makefile:127: recipe for target 'cmTC_9df32/fast' failed
make: *** [cmTC_9df32/fast] Error 2



